<?xml version="1.0" encoding="UTF-8"?>
<TestRun id="42f3580a-1589-4c31-b5f5-29f36bced696" name="David@TAKA 2017-10-07 14:10:01" runUser="Taka\David" xmlns="http://microsoft.com/schemas/VisualStudio/TeamTest/2010">
  <TestSettings name="Local" id="b9cd67bb-db27-4f7a-a93c-0bf063e95286">
    <Description>These are default test settings for a local test run.</Description>
    <Deployment enabled="false" runDeploymentRoot="David_TAKA 2017-10-07 14_10_01">
      <DeploymentItem filename="D:\git\trobadoo\TrobadooUtils\bin\Debug\com.trobadoo.utils.dll" />
    </Deployment>
    <Execution>
      <TestTypeSpecific />
      <AgentRule name="Execution Agents">
      </AgentRule>
    </Execution>
  </TestSettings>
  <Times creation="2017-10-07T14:10:01.7535796+02:00" queuing="2017-10-07T14:10:02.4075796+02:00" start="2017-10-07T14:10:02.6185796+02:00" finish="2017-10-07T14:10:03.6045796+02:00" />
  <ResultSummary outcome="Failed">
    <Counters total="2" executed="2" passed="1" error="0" failed="1" timeout="0" aborted="0" inconclusive="0" passedButRunAborted="0" notRunnable="0" notExecuted="0" disconnected="0" warning="0" completed="0" inProgress="0" pending="0" />
  </ResultSummary>
  <TestDefinitions>
    <UnitTest name="TestGetFilesModifiedSinceNoResults" storage="d:\git\trobadoo\testproject1\bin\debug\testproject1.dll" id="606db03e-d781-efd3-94fa-a3b228cb9015">
      <Execution id="e3ef6788-a716-4e3c-be9f-5dcf02e94dab" />
      <TestMethod codeBase="D:/git/trobadoo/TestProject1/bin/Debug/TestProject1.DLL" adapterTypeName="Microsoft.VisualStudio.TestTools.TestTypes.Unit.UnitTestAdapter, Microsoft.VisualStudio.QualityTools.Tips.UnitTest.Adapter, Version=10.0.0.0, Culture=neutral, PublicKeyToken=b03f5f7f11d50a3a" className="TrobadooUtilsTest.TestZipHelper, TestProject1, Version=1.0.0.0, Culture=neutral, PublicKeyToken=null" name="TestGetFilesModifiedSinceNoResults" />
    </UnitTest>
    <UnitTest name="TestGetFilesModifiedSince" storage="d:\git\trobadoo\testproject1\bin\debug\testproject1.dll" id="8943cfb9-ee18-fa43-4104-d42fb7c3954b">
      <Execution id="c2ad1413-9dac-4c0a-b677-3eed86a67cc7" />
      <TestMethod codeBase="D:/git/trobadoo/TestProject1/bin/Debug/TestProject1.DLL" adapterTypeName="Microsoft.VisualStudio.TestTools.TestTypes.Unit.UnitTestAdapter, Microsoft.VisualStudio.QualityTools.Tips.UnitTest.Adapter, Version=10.0.0.0, Culture=neutral, PublicKeyToken=b03f5f7f11d50a3a" className="TrobadooUtilsTest.TestZipHelper, TestProject1, Version=1.0.0.0, Culture=neutral, PublicKeyToken=null" name="TestGetFilesModifiedSince" />
    </UnitTest>
  </TestDefinitions>
  <TestLists>
    <TestList name="Results Not in a List" id="8c84fa94-04c1-424b-9868-57a2d4851a1d" />
    <TestList name="All Loaded Results" id="19431567-8539-422a-85d7-44ee4e166bda" />
  </TestLists>
  <TestEntries>
    <TestEntry testId="606db03e-d781-efd3-94fa-a3b228cb9015" executionId="e3ef6788-a716-4e3c-be9f-5dcf02e94dab" testListId="8c84fa94-04c1-424b-9868-57a2d4851a1d" />
    <TestEntry testId="8943cfb9-ee18-fa43-4104-d42fb7c3954b" executionId="c2ad1413-9dac-4c0a-b677-3eed86a67cc7" testListId="8c84fa94-04c1-424b-9868-57a2d4851a1d" />
  </TestEntries>
  <Results>
    <UnitTestResult executionId="e3ef6788-a716-4e3c-be9f-5dcf02e94dab" testId="606db03e-d781-efd3-94fa-a3b228cb9015" testName="TestGetFilesModifiedSinceNoResults" computerName="TAKA" duration="00:00:00.0333511" startTime="2017-10-07T14:10:02.7095796+02:00" endTime="2017-10-07T14:10:03.3915796+02:00" testType="13cdc9d9-ddb5-4fa4-a97d-d965ccfc6d4b" outcome="Passed" testListId="8c84fa94-04c1-424b-9868-57a2d4851a1d" relativeResultsDirectory="e3ef6788-a716-4e3c-be9f-5dcf02e94dab">
      <Output>
        <DebugTrace>Send to debug output.
Num Files:0
Files:System.Collections.Generic.List`1[System.String]
</DebugTrace>
      </Output>
    </UnitTestResult>
    <UnitTestResult executionId="c2ad1413-9dac-4c0a-b677-3eed86a67cc7" testId="8943cfb9-ee18-fa43-4104-d42fb7c3954b" testName="TestGetFilesModifiedSince" computerName="TAKA" duration="00:00:00.0616841" startTime="2017-10-07T14:10:03.4165796+02:00" endTime="2017-10-07T14:10:03.4895796+02:00" testType="13cdc9d9-ddb5-4fa4-a97d-d965ccfc6d4b" outcome="Failed" testListId="8c84fa94-04c1-424b-9868-57a2d4851a1d" relativeResultsDirectory="c2ad1413-9dac-4c0a-b677-3eed86a67cc7">
      <Output>
        <ErrorInfo>
          <Message>Assert.AreNotEqual failed. Expected any value except:&lt;0&gt;. Actual:&lt;0&gt;. </Message>
          <StackTrace>   en TrobadooUtilsTest.TestZipHelper.TestGetFilesModifiedSince() en D:\git\trobadoo\TestProject1\TestZipHelper.cs:línea 60
</StackTrace>
        </ErrorInfo>
      </Output>
    </UnitTestResult>
  </Results>
</TestRun>