<?xml version="1.0" encoding="UTF-8"?>
<TestRun id="69914723-c9ba-4c66-822a-ea11d9d35a8b" name="David@TAKA 2017-10-07 14:08:00" runUser="Taka\David" xmlns="http://microsoft.com/schemas/VisualStudio/TeamTest/2010">
  <TestSettings name="Local" id="b9cd67bb-db27-4f7a-a93c-0bf063e95286">
    <Description>These are default test settings for a local test run.</Description>
    <Deployment enabled="false" runDeploymentRoot="David_TAKA 2017-10-07 14_08_00">
      <DeploymentItem filename="D:\git\trobadoo\TrobadooUtils\bin\Debug\com.trobadoo.utils.dll" />
    </Deployment>
    <Execution>
      <TestTypeSpecific />
      <AgentRule name="Execution Agents">
      </AgentRule>
    </Execution>
  </TestSettings>
  <Times creation="2017-10-07T14:08:00.9475796+02:00" queuing="2017-10-07T14:08:04.8035796+02:00" start="2017-10-07T14:08:05.3295796+02:00" finish="2017-10-07T14:08:51.1285796+02:00" />
  <ResultSummary outcome="Error">
    <Counters total="1" executed="1" error="0" failed="0" timeout="0" aborted="1" inconclusive="0" passedButRunAborted="0" notRunnable="0" notExecuted="0" disconnected="0" warning="0" passed="0" completed="0" inProgress="0" pending="0" />
    <RunInfos>
      <RunInfo computerName="TAKA" outcome="Error" timestamp="2017-10-07T14:08:51.1025796+02:00">
        <Text>Test host process exited unexpectedly.</Text>
      </RunInfo>
    </RunInfos>
  </ResultSummary>
  <TestDefinitions>
    <UnitTest name="TestGetFilesModifiedSinceNoResults" storage="d:\git\trobadoo\testproject1\bin\debug\testproject1.dll" id="606db03e-d781-efd3-94fa-a3b228cb9015">
      <Execution id="b08edc66-d229-4344-8d97-2d1191cd78fd" />
      <TestMethod codeBase="D:/git/trobadoo/TestProject1/bin/Debug/TestProject1.DLL" adapterTypeName="Microsoft.VisualStudio.TestTools.TestTypes.Unit.UnitTestAdapter, Microsoft.VisualStudio.QualityTools.Tips.UnitTest.Adapter, Version=10.0.0.0, Culture=neutral, PublicKeyToken=b03f5f7f11d50a3a" className="TrobadooUtilsTest.TestZipHelper, TestProject1, Version=1.0.0.0, Culture=neutral, PublicKeyToken=null" name="TestGetFilesModifiedSinceNoResults" />
    </UnitTest>
  </TestDefinitions>
  <TestLists>
    <TestList name="Results Not in a List" id="8c84fa94-04c1-424b-9868-57a2d4851a1d" />
    <TestList name="All Loaded Results" id="19431567-8539-422a-85d7-44ee4e166bda" />
  </TestLists>
  <TestEntries>
    <TestEntry testId="606db03e-d781-efd3-94fa-a3b228cb9015" executionId="b08edc66-d229-4344-8d97-2d1191cd78fd" testListId="8c84fa94-04c1-424b-9868-57a2d4851a1d" />
  </TestEntries>
  <Results>
    <UnitTestResult executionId="b08edc66-d229-4344-8d97-2d1191cd78fd" testId="606db03e-d781-efd3-94fa-a3b228cb9015" testName="TestGetFilesModifiedSinceNoResults" computerName="TAKA" duration="00:00:45.5510000" startTime="2017-10-07T14:08:05.5775796+02:00" endTime="2017-10-07T14:08:51.1285796+02:00" testType="13cdc9d9-ddb5-4fa4-a97d-d965ccfc6d4b" outcome="Aborted" testListId="8c84fa94-04c1-424b-9868-57a2d4851a1d" relativeResultsDirectory="b08edc66-d229-4344-8d97-2d1191cd78fd">
    </UnitTestResult>
  </Results>
</TestRun>