<?xml version="1.0" encoding="UTF-8"?>
<TestRun id="26a07ffb-2995-4396-a90d-a0f4a01ae1fa" name="David@TAKA 2017-10-07 14:02:12" runUser="Taka\David" xmlns="http://microsoft.com/schemas/VisualStudio/TeamTest/2010">
  <TestSettings name="Local" id="b9cd67bb-db27-4f7a-a93c-0bf063e95286">
    <Description>These are default test settings for a local test run.</Description>
    <Deployment enabled="false" runDeploymentRoot="David_TAKA 2017-10-07 14_02_12">
      <DeploymentItem filename="D:\git\trobadoo\TrobadooUtils\bin\Debug\com.trobadoo.utils.dll" />
    </Deployment>
    <Execution>
      <TestTypeSpecific />
      <AgentRule name="Execution Agents">
      </AgentRule>
    </Execution>
  </TestSettings>
  <Times creation="2017-10-07T14:02:12.1375796+02:00" queuing="2017-10-07T14:02:12.2495796+02:00" start="2017-10-07T14:02:12.2745796+02:00" finish="2017-10-07T14:02:13.4695796+02:00" />
  <ResultSummary outcome="Failed">
    <Counters total="1" executed="1" error="0" failed="1" timeout="0" aborted="0" inconclusive="0" passedButRunAborted="0" notRunnable="0" notExecuted="0" disconnected="0" warning="0" passed="0" completed="0" inProgress="0" pending="0" />
  </ResultSummary>
  <TestDefinitions>
    <UnitTest name="TestGetFilesModifiedSinceNoResults" storage="d:\git\trobadoo\testproject1\bin\debug\testproject1.dll" id="606db03e-d781-efd3-94fa-a3b228cb9015">
      <Execution id="6c14f491-d56c-4933-a0ee-73d97c500ce5" />
      <TestMethod codeBase="D:/git/trobadoo/TestProject1/bin/Debug/TestProject1.DLL" adapterTypeName="Microsoft.VisualStudio.TestTools.TestTypes.Unit.UnitTestAdapter, Microsoft.VisualStudio.QualityTools.Tips.UnitTest.Adapter, Version=10.0.0.0, Culture=neutral, PublicKeyToken=b03f5f7f11d50a3a" className="TrobadooUtilsTest.TestZipHelper, TestProject1, Version=1.0.0.0, Culture=neutral, PublicKeyToken=null" name="TestGetFilesModifiedSinceNoResults" />
    </UnitTest>
  </TestDefinitions>
  <TestLists>
    <TestList name="Results Not in a List" id="8c84fa94-04c1-424b-9868-57a2d4851a1d" />
    <TestList name="All Loaded Results" id="19431567-8539-422a-85d7-44ee4e166bda" />
  </TestLists>
  <TestEntries>
    <TestEntry testId="606db03e-d781-efd3-94fa-a3b228cb9015" executionId="6c14f491-d56c-4933-a0ee-73d97c500ce5" testListId="8c84fa94-04c1-424b-9868-57a2d4851a1d" />
  </TestEntries>
  <Results>
    <UnitTestResult executionId="6c14f491-d56c-4933-a0ee-73d97c500ce5" testId="606db03e-d781-efd3-94fa-a3b228cb9015" testName="TestGetFilesModifiedSinceNoResults" computerName="TAKA" duration="00:00:00.2413083" startTime="2017-10-07T14:02:12.4745796+02:00" endTime="2017-10-07T14:02:13.3875796+02:00" testType="13cdc9d9-ddb5-4fa4-a97d-d965ccfc6d4b" outcome="Failed" testListId="8c84fa94-04c1-424b-9868-57a2d4851a1d" relativeResultsDirectory="6c14f491-d56c-4933-a0ee-73d97c500ce5">
      <Output>
        <ErrorInfo>
          <Message>Assert.IsNull failed. </Message>
          <StackTrace>   en TrobadooUtilsTest.TestZipHelper.TestGetFilesModifiedSinceNoResults() en D:\git\trobadoo\TestProject1\TestZipHelper.cs:línea 41
</StackTrace>
        </ErrorInfo>
      </Output>
    </UnitTestResult>
  </Results>
</TestRun>